<?xml version="1.0" encoding="UTF-8"?>
<robot generator="Robot 7.0 (Python 3.12.3 on win32)" generated="2024-05-16T16:06:15.889165" rpa="false" schemaversion="5">
<suite id="s1" name="Test Browser" source="C:\Users\Prarinporn.choo\robot\tests\open_browser\test_browser.robot">
<test id="s1-t1" name="Open Localhost Website" line="12">
<kw name="Open Browser" owner="Browser">
<msg time="2024-05-16T16:06:16.596533" level="WARN">Open Browser is for quick experimentation and debugging only. Use New Page for production.</msg>
<msg time="2024-05-16T16:06:16.596533" level="INFO">{"browser": "chromium", "headless": false, "chromiumSandbox": false, "devtools": false, "handleSIGHUP": true, "handleSIGINT": true, "handleSIGTERM": true, "slowMo": 0.0, "timeout": 30000.0, "tracesDir": "C:\\Users\\Prarinporn.choo\\robot\\tests\\open_browser\\browser\\traces\\edbb2f63-c294-4dd0-81b0-d263cf1b9a34"}</msg>
<msg time="2024-05-16T16:06:16.766956" level="INFO">Successfully created browser with options: {"browser":"chromium","headless":false,"chromiumSandbox":false,"devtools":false,"handleSIGHUP":true,"handleSIGINT":true,"handleSIGTERM":true,"slowMo":0,"timeout":30000,"tracesDir":"C:\\Users\\Prarinporn.choo\\robot\\tests\\open_browser\\browser\\traces\\edbb2f63-c294-4dd0-81b0-d263cf1b9a34"}</msg>
<msg time="2024-05-16T16:06:16.766956" level="INFO">{
  "acceptDownloads": true,
  "bypassCSP": true,
  "forcedColors": "none",
  "ignoreHTTPSErrors": false,
  "javaScriptEnabled": true,
  "offline": false,
  "reducedMotion": "no-preference",
  "serviceWorkers": "allow",
  "viewport": {
    "height": 720,
    "width": 1280
  }
}</msg>
<msg time="2024-05-16T16:06:16.782441" level="INFO">Successfully created context. </msg>
<msg time="2024-05-16T16:06:16.782441" level="INFO">{'acceptDownloads': True, 'bypassCSP': True, 'forcedColors': 'none', 'ignoreHTTPSErrors': False, 'javaScriptEnabled': True, 'offline': False, 'reducedMotion': 'no-preference', 'serviceWorkers': 'allow', 'viewport': {'height': 720, 'width': 1280}}</msg>
<msg time="2024-05-16T16:06:18.323246" level="INFO">Successfully initialized new page object and opened url: http://localhost:4200/</msg>
<arg>${URL}</arg>
<arg>headless=False</arg>
<tag>BrowserControl</tag>
<tag>Setter</tag>
<doc>Opens a new browser instance. Use this keyword for quick experiments or debugging sessions.</doc>
<status status="PASS" start="2024-05-16T16:06:16.595529" elapsed="1.727717"/>
</kw>
<kw name="Sleep" owner="BuiltIn">
<msg time="2024-05-16T16:06:20.323596" level="INFO">Slept 2 seconds.</msg>
<arg>2s</arg>
<doc>Pauses the test executed for the given time.</doc>
<status status="PASS" start="2024-05-16T16:06:18.323246" elapsed="2.000350"/>
</kw>
<kw name="Close Browser" owner="Browser">
<msg time="2024-05-16T16:06:20.454238" level="INFO">Closed browser</msg>
<tag>BrowserControl</tag>
<tag>Setter</tag>
<doc>Closes the current browser.</doc>
<status status="PASS" start="2024-05-16T16:06:20.323596" elapsed="0.130642"/>
</kw>
<status status="PASS" start="2024-05-16T16:06:16.593905" elapsed="3.861334"/>
</test>
<test id="s1-t2" name="test input text search" line="18">
<kw name="Open Browser" owner="Browser">
<msg time="2024-05-16T16:06:20.474276" level="WARN">Open Browser is for quick experimentation and debugging only. Use New Page for production.</msg>
<msg time="2024-05-16T16:06:20.474276" level="INFO">{"browser": "chromium", "headless": false, "chromiumSandbox": false, "devtools": false, "handleSIGHUP": true, "handleSIGINT": true, "handleSIGTERM": true, "slowMo": 0.0, "timeout": 30000.0, "tracesDir": "C:\\Users\\Prarinporn.choo\\robot\\tests\\open_browser\\browser\\traces\\8caa8f0b-2754-4ca7-a038-f08fd07561f8"}</msg>
<msg time="2024-05-16T16:06:20.638162" level="INFO">Successfully created browser with options: {"browser":"chromium","headless":false,"chromiumSandbox":false,"devtools":false,"handleSIGHUP":true,"handleSIGINT":true,"handleSIGTERM":true,"slowMo":0,"timeout":30000,"tracesDir":"C:\\Users\\Prarinporn.choo\\robot\\tests\\open_browser\\browser\\traces\\8caa8f0b-2754-4ca7-a038-f08fd07561f8"}</msg>
<msg time="2024-05-16T16:06:20.638162" level="INFO">{
  "acceptDownloads": true,
  "bypassCSP": true,
  "forcedColors": "none",
  "ignoreHTTPSErrors": false,
  "javaScriptEnabled": true,
  "offline": false,
  "reducedMotion": "no-preference",
  "serviceWorkers": "allow",
  "viewport": {
    "height": 720,
    "width": 1280
  }
}</msg>
<msg time="2024-05-16T16:06:20.648880" level="INFO">Successfully created context. </msg>
<msg time="2024-05-16T16:06:20.648880" level="INFO">{'acceptDownloads': True, 'bypassCSP': True, 'forcedColors': 'none', 'ignoreHTTPSErrors': False, 'javaScriptEnabled': True, 'offline': False, 'reducedMotion': 'no-preference', 'serviceWorkers': 'allow', 'viewport': {'height': 720, 'width': 1280}}</msg>
<msg time="2024-05-16T16:06:22.152217" level="INFO">Successfully initialized new page object and opened url: http://localhost:4200/</msg>
<arg>${URL}</arg>
<arg>headless=False</arg>
<tag>BrowserControl</tag>
<tag>Setter</tag>
<doc>Opens a new browser instance. Use this keyword for quick experiments or debugging sessions.</doc>
<status status="PASS" start="2024-05-16T16:06:20.473275" elapsed="1.678942"/>
</kw>
<kw name="Sleep" owner="BuiltIn">
<msg time="2024-05-16T16:06:24.153243" level="INFO">Slept 2 seconds.</msg>
<arg>2s</arg>
<doc>Pauses the test executed for the given time.</doc>
<status status="PASS" start="2024-05-16T16:06:22.153218" elapsed="2.000025"/>
</kw>
<kw name="Fill Text" owner="Browser">
<msg time="2024-05-16T16:06:24.153243" level="INFO">Fills the text 'KFSDLV' in the given field.</msg>
<arg>xpath=//*[@id="app.dashboard.input.searchInput"]</arg>
<arg>KFSDLV</arg>
<tag>PageContent</tag>
<tag>Setter</tag>
<doc>Clears and fills the given ``txt`` into the text field found by ``selector``.</doc>
<status status="PASS" start="2024-05-16T16:06:24.153243" elapsed="0.060176"/>
</kw>
<kw name="Sleep" owner="BuiltIn">
<msg time="2024-05-16T16:06:26.214434" level="INFO">Slept 2 seconds.</msg>
<arg>2s</arg>
<doc>Pauses the test executed for the given time.</doc>
<status status="PASS" start="2024-05-16T16:06:24.214420" elapsed="2.000014"/>
</kw>
<kw name="Click" owner="Browser">
<msg time="2024-05-16T16:06:26.214434" level="INFO">Clicks the element 'id=app.dashboard.button.clearSearchButton'.</msg>
<arg>${clearSearchButton}</arg>
<tag>PageContent</tag>
<tag>Setter</tag>
<doc>Simulates mouse click on the element found by ``selector``.</doc>
<status status="PASS" start="2024-05-16T16:06:26.214434" elapsed="0.101480"/>
</kw>
<kw name="Sleep" owner="BuiltIn">
<msg time="2024-05-16T16:06:28.317417" level="INFO">Slept 2 seconds.</msg>
<arg>2s</arg>
<doc>Pauses the test executed for the given time.</doc>
<status status="PASS" start="2024-05-16T16:06:26.316914" elapsed="2.000503"/>
</kw>
<kw name="Close Browser" owner="Browser">
<msg time="2024-05-16T16:06:28.444635" level="INFO">Closed browser</msg>
<tag>BrowserControl</tag>
<tag>Setter</tag>
<doc>Closes the current browser.</doc>
<status status="PASS" start="2024-05-16T16:06:28.317417" elapsed="0.128221"/>
</kw>
<status status="PASS" start="2024-05-16T16:06:20.471273" elapsed="7.974365"/>
</test>
<status status="PASS" start="2024-05-16T16:06:15.890167" elapsed="12.559980"/>
</suite>
<statistics>
<total>
<stat pass="2" fail="0" skip="0">All Tests</stat>
</total>
<tag>
</tag>
<suite>
<stat pass="2" fail="0" skip="0" id="s1" name="Test Browser">Test Browser</stat>
</suite>
</statistics>
<errors>
<msg time="2024-05-16T16:06:16.596533" level="WARN">Open Browser is for quick experimentation and debugging only. Use New Page for production.</msg>
<msg time="2024-05-16T16:06:20.474276" level="WARN">Open Browser is for quick experimentation and debugging only. Use New Page for production.</msg>
</errors>
</robot>
