<?xml version="1.0" encoding="UTF-8"?>
<robot generator="Robot 7.0 (Python 3.12.3 on win32)" generated="2024-05-15T11:34:25.006020" rpa="false" schemaversion="5">
<suite id="s1" name="Test Browser" source="C:\Users\Prarinporn.choo\robot\tests\open_browser\test_browser.robot">
<test id="s1-t1" name="Open Localhost Website" line="10">
<kw name="Open Browser" owner="Browser">
<msg time="2024-05-15T11:34:25.752255" level="WARN">Open Browser is for quick experimentation and debugging only. Use New Page for production.</msg>
<msg time="2024-05-15T11:34:25.752255" level="INFO">{"browser": "chromium", "headless": false, "chromiumSandbox": false, "devtools": false, "handleSIGHUP": true, "handleSIGINT": true, "handleSIGTERM": true, "slowMo": 0.0, "timeout": 30000.0, "tracesDir": "C:\\Users\\Prarinporn.choo\\robot\\tests\\open_browser\\browser\\traces\\87ff6c2d-d256-4850-9112-ba93a7abcbc7"}</msg>
<msg time="2024-05-15T11:34:25.913960" level="INFO">Successfully created browser with options: {"browser":"chromium","headless":false,"chromiumSandbox":false,"devtools":false,"handleSIGHUP":true,"handleSIGINT":true,"handleSIGTERM":true,"slowMo":0,"timeout":30000,"tracesDir":"C:\\Users\\Prarinporn.choo\\robot\\tests\\open_browser\\browser\\traces\\87ff6c2d-d256-4850-9112-ba93a7abcbc7"}</msg>
<msg time="2024-05-15T11:34:25.914963" level="INFO">{
  "acceptDownloads": true,
  "bypassCSP": true,
  "forcedColors": "none",
  "ignoreHTTPSErrors": false,
  "javaScriptEnabled": true,
  "offline": false,
  "reducedMotion": "no-preference",
  "serviceWorkers": "allow",
  "viewport": {
    "width": 1280,
    "height": 720
  }
}</msg>
<msg time="2024-05-15T11:34:25.930497" level="INFO">Successfully created context. </msg>
<msg time="2024-05-15T11:34:25.930497" level="INFO">{'acceptDownloads': True, 'bypassCSP': True, 'forcedColors': 'none', 'ignoreHTTPSErrors': False, 'javaScriptEnabled': True, 'offline': False, 'reducedMotion': 'no-preference', 'serviceWorkers': 'allow', 'viewport': {'width': 1280, 'height': 720}}</msg>
<msg time="2024-05-15T11:34:27.471574" level="INFO">Successfully initialized new page object and opened url: http://localhost:4200/</msg>
<arg>${URL}</arg>
<arg>headless=False</arg>
<tag>BrowserControl</tag>
<tag>Setter</tag>
<doc>Opens a new browser instance. Use this keyword for quick experiments or debugging sessions.</doc>
<status status="PASS" start="2024-05-15T11:34:25.751252" elapsed="1.720322"/>
</kw>
<kw name="Sleep" owner="BuiltIn">
<msg time="2024-05-15T11:34:57.472596" level="INFO">Slept 30 seconds.</msg>
<arg>30s</arg>
<doc>Pauses the test executed for the given time.</doc>
<status status="PASS" start="2024-05-15T11:34:27.472575" elapsed="30.000021"/>
</kw>
<kw name="Close Browser" owner="Browser">
<msg time="2024-05-15T11:34:57.595800" level="INFO">Closed browser</msg>
<tag>BrowserControl</tag>
<tag>Setter</tag>
<doc>Closes the current browser.</doc>
<status status="PASS" start="2024-05-15T11:34:57.473105" elapsed="0.122695"/>
</kw>
<status status="PASS" start="2024-05-15T11:34:25.749488" elapsed="31.846312"/>
</test>
<status status="PASS" start="2024-05-15T11:34:25.007021" elapsed="32.604309"/>
</suite>
<statistics>
<total>
<stat pass="1" fail="0" skip="0">All Tests</stat>
</total>
<tag>
</tag>
<suite>
<stat pass="1" fail="0" skip="0" id="s1" name="Test Browser">Test Browser</stat>
</suite>
</statistics>
<errors>
<msg time="2024-05-15T11:34:25.752255" level="WARN">Open Browser is for quick experimentation and debugging only. Use New Page for production.</msg>
</errors>
</robot>
