<?xml version="1.0" encoding="UTF-8"?>
<robot generator="Robot 7.0 (Python 3.12.3 on win32)" generated="2024-05-17T15:37:45.028486" rpa="false" schemaversion="5">
<suite id="s1" name="Test Add" source="C:\Users\Prarinporn.choo\robot\test\test_add.robot">
<test id="s1-t1" name="click add new fund button" line="8">
<kw name="Open Browser" owner="Browser">
<msg time="2024-05-17T15:37:45.758512" level="WARN">Open Browser is for quick experimentation and debugging only. Use New Page for production.</msg>
<msg time="2024-05-17T15:37:45.758512" level="INFO">{"browser": "chromium", "headless": false, "chromiumSandbox": false, "devtools": false, "handleSIGHUP": true, "handleSIGINT": true, "handleSIGTERM": true, "slowMo": 0.0, "timeout": 30000.0, "tracesDir": "C:\\Users\\Prarinporn.choo\\robot\\test\\browser\\traces\\a133852a-f3ef-4c1d-a00d-febc798cd577"}</msg>
<msg time="2024-05-17T15:37:45.925823" level="INFO">Successfully created browser with options: {"browser":"chromium","headless":false,"chromiumSandbox":false,"devtools":false,"handleSIGHUP":true,"handleSIGINT":true,"handleSIGTERM":true,"slowMo":0,"timeout":30000,"tracesDir":"C:\\Users\\Prarinporn.choo\\robot\\test\\browser\\traces\\a133852a-f3ef-4c1d-a00d-febc798cd577"}</msg>
<msg time="2024-05-17T15:37:45.925823" level="INFO">{
  "acceptDownloads": true,
  "bypassCSP": true,
  "forcedColors": "none",
  "ignoreHTTPSErrors": false,
  "javaScriptEnabled": true,
  "offline": false,
  "reducedMotion": "no-preference",
  "serviceWorkers": "allow",
  "viewport": {
    "height": 720,
    "width": 1280
  }
}</msg>
<msg time="2024-05-17T15:37:45.939882" level="INFO">Successfully created context. </msg>
<msg time="2024-05-17T15:37:45.939882" level="INFO">{'acceptDownloads': True, 'bypassCSP': True, 'forcedColors': 'none', 'ignoreHTTPSErrors': False, 'javaScriptEnabled': True, 'offline': False, 'reducedMotion': 'no-preference', 'serviceWorkers': 'allow', 'viewport': {'height': 720, 'width': 1280}}</msg>
<msg time="2024-05-17T15:37:47.475361" level="INFO">Successfully initialized new page object and opened url: http://localhost:4200/</msg>
<arg>${URL}</arg>
<arg>headless=False</arg>
<tag>BrowserControl</tag>
<tag>Setter</tag>
<doc>Opens a new browser instance. Use this keyword for quick experiments or debugging sessions.</doc>
<status status="PASS" start="2024-05-17T15:37:45.757009" elapsed="1.718352"/>
</kw>
<kw name="Sleep" owner="BuiltIn">
<msg time="2024-05-17T15:37:50.477371" level="INFO">Slept 3 seconds.</msg>
<arg>3s</arg>
<doc>Pauses the test executed for the given time.</doc>
<status status="PASS" start="2024-05-17T15:37:47.476864" elapsed="3.000507"/>
</kw>
<kw name="Click" owner="Browser">
<msg time="2024-05-17T15:37:50.477371" level="INFO">Clicks the element 'xpath=//*[@id="app.dashboard.Button.addNewFund"]/div/span'.</msg>
<arg>xpath=//*[@id="app.dashboard.Button.addNewFund"]/div/span</arg>
<tag>PageContent</tag>
<tag>Setter</tag>
<doc>Simulates mouse click on the element found by ``selector``.</doc>
<status status="PASS" start="2024-05-17T15:37:50.477371" elapsed="0.133594"/>
</kw>
<kw name="Sleep" owner="BuiltIn">
<msg time="2024-05-17T15:37:53.611492" level="INFO">Slept 3 seconds.</msg>
<arg>3s</arg>
<doc>Pauses the test executed for the given time.</doc>
<status status="PASS" start="2024-05-17T15:37:50.610965" elapsed="3.000527"/>
</kw>
<status status="PASS" start="2024-05-17T15:37:45.755504" elapsed="7.855988"/>
</test>
<test id="s1-t2" name="Click back to dashboard" line="13">
<kw name="Open Browser" owner="Browser">
<msg time="2024-05-17T15:37:53.667961" level="WARN">Open Browser is for quick experimentation and debugging only. Use New Page for production.</msg>
<msg time="2024-05-17T15:37:53.668964" level="INFO">Switching browser to browser=01e5af66-3401-4c0f-ab0f-83ab1e720729</msg>
<msg time="2024-05-17T15:37:53.675971" level="INFO">Successfully changed active browser: browser=01e5af66-3401-4c0f-ab0f-83ab1e720729</msg>
<msg time="2024-05-17T15:37:53.675971" level="INFO">Reusing existing browser with id: browser=01e5af66-3401-4c0f-ab0f-83ab1e720729</msg>
<msg time="2024-05-17T15:37:53.675971" level="INFO">{
  "acceptDownloads": true,
  "bypassCSP": true,
  "forcedColors": "none",
  "ignoreHTTPSErrors": false,
  "javaScriptEnabled": true,
  "offline": false,
  "reducedMotion": "no-preference",
  "serviceWorkers": "allow",
  "viewport": {
    "height": 720,
    "width": 1280
  }
}</msg>
<msg time="2024-05-17T15:37:53.683997" level="INFO">Successfully created context. </msg>
<msg time="2024-05-17T15:37:53.683997" level="INFO">{'acceptDownloads': True, 'bypassCSP': True, 'forcedColors': 'none', 'ignoreHTTPSErrors': False, 'javaScriptEnabled': True, 'offline': False, 'reducedMotion': 'no-preference', 'serviceWorkers': 'allow', 'viewport': {'height': 720, 'width': 1280}}</msg>
<msg time="2024-05-17T15:37:55.127957" level="INFO">Successfully initialized new page object and opened url: http://localhost:4200/</msg>
<arg>${URL}</arg>
<arg>headless=False</arg>
<tag>BrowserControl</tag>
<tag>Setter</tag>
<doc>Opens a new browser instance. Use this keyword for quick experiments or debugging sessions.</doc>
<status status="PASS" start="2024-05-17T15:37:53.667961" elapsed="1.459996"/>
</kw>
<kw name="Sleep" owner="BuiltIn">
<msg time="2024-05-17T15:37:58.128417" level="INFO">Slept 3 seconds.</msg>
<arg>3s</arg>
<doc>Pauses the test executed for the given time.</doc>
<status status="PASS" start="2024-05-17T15:37:55.127957" elapsed="3.000460"/>
</kw>
<kw name="Click" owner="Browser">
<msg time="2024-05-17T15:37:58.128417" level="INFO">Clicks the element 'xpath=//*[@id="app.dashboard.Button.addNewFund"]/div/span'.</msg>
<arg>xpath=//*[@id="app.dashboard.Button.addNewFund"]/div/span</arg>
<tag>PageContent</tag>
<tag>Setter</tag>
<doc>Simulates mouse click on the element found by ``selector``.</doc>
<status status="PASS" start="2024-05-17T15:37:58.128417" elapsed="0.136087"/>
</kw>
<kw name="Sleep" owner="BuiltIn">
<msg time="2024-05-17T15:38:01.265519" level="INFO">Slept 3 seconds.</msg>
<arg>3s</arg>
<doc>Pauses the test executed for the given time.</doc>
<status status="PASS" start="2024-05-17T15:37:58.265505" elapsed="3.000014"/>
</kw>
<kw name="Click" owner="Browser">
<msg time="2024-05-17T15:38:01.265519" level="INFO">Clicks the element 'xpath=//*[@id="app.fundAdd.Button.Back"]/div/span'.</msg>
<arg>xpath=//*[@id="app.fundAdd.Button.Back"]/div/span</arg>
<tag>PageContent</tag>
<tag>Setter</tag>
<doc>Simulates mouse click on the element found by ``selector``.</doc>
<status status="PASS" start="2024-05-17T15:38:01.265519" elapsed="0.241062"/>
</kw>
<kw name="Sleep" owner="BuiltIn">
<msg time="2024-05-17T15:38:04.507494" level="INFO">Slept 3 seconds.</msg>
<arg>3s</arg>
<doc>Pauses the test executed for the given time.</doc>
<status status="PASS" start="2024-05-17T15:38:01.507085" elapsed="3.000409"/>
</kw>
<status status="PASS" start="2024-05-17T15:37:53.664417" elapsed="10.843077"/>
</test>
<test id="s1-t3" name="Add New Fund Test" line="20">
<kw name="Open Browser" owner="Browser">
<msg time="2024-05-17T15:38:04.561126" level="WARN">Open Browser is for quick experimentation and debugging only. Use New Page for production.</msg>
<msg time="2024-05-17T15:38:04.562127" level="INFO">Switching browser to browser=01e5af66-3401-4c0f-ab0f-83ab1e720729</msg>
<msg time="2024-05-17T15:38:04.564128" level="INFO">Successfully changed active browser: browser=01e5af66-3401-4c0f-ab0f-83ab1e720729</msg>
<msg time="2024-05-17T15:38:04.564128" level="INFO">Reusing existing browser with id: browser=01e5af66-3401-4c0f-ab0f-83ab1e720729</msg>
<msg time="2024-05-17T15:38:04.565129" level="INFO">{
  "acceptDownloads": true,
  "bypassCSP": true,
  "forcedColors": "none",
  "ignoreHTTPSErrors": false,
  "javaScriptEnabled": true,
  "offline": false,
  "reducedMotion": "no-preference",
  "serviceWorkers": "allow",
  "viewport": {
    "height": 720,
    "width": 1280
  }
}</msg>
<msg time="2024-05-17T15:38:04.575953" level="INFO">Successfully created context. </msg>
<msg time="2024-05-17T15:38:04.575953" level="INFO">{'acceptDownloads': True, 'bypassCSP': True, 'forcedColors': 'none', 'ignoreHTTPSErrors': False, 'javaScriptEnabled': True, 'offline': False, 'reducedMotion': 'no-preference', 'serviceWorkers': 'allow', 'viewport': {'height': 720, 'width': 1280}}</msg>
<msg time="2024-05-17T15:38:06.182079" level="INFO">Successfully initialized new page object and opened url: http://localhost:4200/add</msg>
<arg>${URL}add</arg>
<arg>headless=False</arg>
<tag>BrowserControl</tag>
<tag>Setter</tag>
<doc>Opens a new browser instance. Use this keyword for quick experiments or debugging sessions.</doc>
<status status="PASS" start="2024-05-17T15:38:04.561126" elapsed="1.620953"/>
</kw>
<kw name="Sleep" owner="BuiltIn">
<msg time="2024-05-17T15:38:09.183181" level="INFO">Slept 3 seconds.</msg>
<arg>3s</arg>
<doc>Pauses the test executed for the given time.</doc>
<status status="PASS" start="2024-05-17T15:38:06.183081" elapsed="3.000100"/>
</kw>
<kw name="Browser.Input Text">
<msg time="2024-05-17T15:38:09.184184" level="FAIL">No keyword with name 'Browser.Input Text' found.</msg>
<arg>xpath=//*[@id="dx_dx-3b1455b2-cb3e-865a-a441-b2a045a914fe_fundCode"]</arg>
<arg>AAAAA</arg>
<status status="FAIL" start="2024-05-17T15:38:09.184184" elapsed="0.000000">No keyword with name 'Browser.Input Text' found.</status>
</kw>
<kw name="Sleep" owner="BuiltIn">
<arg>2s</arg>
<doc>Pauses the test executed for the given time.</doc>
<status status="NOT RUN" start="2024-05-17T15:38:09.185185" elapsed="0.000000"/>
</kw>
<kw name="Click" owner="Browser">
<arg>xpath=//*[@id="app.fundAdd.Button.Submit"]/div/span</arg>
<tag>PageContent</tag>
<tag>Setter</tag>
<doc>Simulates mouse click on the element found by ``selector``.</doc>
<status status="NOT RUN" start="2024-05-17T15:38:09.185185" elapsed="0.000000"/>
</kw>
<kw name="Sleep" owner="BuiltIn">
<arg>5s</arg>
<doc>Pauses the test executed for the given time.</doc>
<status status="NOT RUN" start="2024-05-17T15:38:09.185185" elapsed="0.000000"/>
</kw>
<status status="FAIL" start="2024-05-17T15:38:04.558617" elapsed="4.626568">No keyword with name 'Browser.Input Text' found.</status>
</test>
<status status="FAIL" start="2024-05-17T15:37:45.029487" elapsed="24.191411"/>
</suite>
<statistics>
<total>
<stat pass="2" fail="1" skip="0">All Tests</stat>
</total>
<tag>
</tag>
<suite>
<stat pass="2" fail="1" skip="0" id="s1" name="Test Add">Test Add</stat>
</suite>
</statistics>
<errors>
<msg time="2024-05-17T15:37:45.758512" level="WARN">Open Browser is for quick experimentation and debugging only. Use New Page for production.</msg>
<msg time="2024-05-17T15:37:53.667961" level="WARN">Open Browser is for quick experimentation and debugging only. Use New Page for production.</msg>
<msg time="2024-05-17T15:38:04.561126" level="WARN">Open Browser is for quick experimentation and debugging only. Use New Page for production.</msg>
</errors>
</robot>
