<?xml version="1.0" encoding="UTF-8"?>
<robot generator="Robot 7.0 (Python 3.12.3 on win32)" generated="2024-05-15T13:35:07.473441" rpa="false" schemaversion="5">
<suite id="s1" name="Add Data" source="C:\Users\Prarinporn.choo\robot\tests\add_data\add_data.robot">
<test id="s1-t1" name="Test Fill Add New Fund Form" line="9">
<kw name="Open Browser" owner="Browser">
<msg time="2024-05-15T13:35:08.323844" level="WARN">Open Browser is for quick experimentation and debugging only. Use New Page for production.</msg>
<msg time="2024-05-15T13:35:08.323844" level="INFO">{"browser": "chromium", "headless": false, "chromiumSandbox": false, "devtools": false, "handleSIGHUP": true, "handleSIGINT": true, "handleSIGTERM": true, "slowMo": 0.0, "timeout": 30000.0, "tracesDir": "C:\\Users\\Prarinporn.choo\\robot\\result\\add\\browser\\traces\\8c1fd950-f4c0-4bdb-a803-5cef5d445a5d"}</msg>
<msg time="2024-05-15T13:35:08.498766" level="INFO">Successfully created browser with options: {"browser":"chromium","headless":false,"chromiumSandbox":false,"devtools":false,"handleSIGHUP":true,"handleSIGINT":true,"handleSIGTERM":true,"slowMo":0,"timeout":30000,"tracesDir":"C:\\Users\\Prarinporn.choo\\robot\\result\\add\\browser\\traces\\8c1fd950-f4c0-4bdb-a803-5cef5d445a5d"}</msg>
<msg time="2024-05-15T13:35:08.498766" level="INFO">{
  "acceptDownloads": true,
  "bypassCSP": true,
  "forcedColors": "none",
  "ignoreHTTPSErrors": false,
  "javaScriptEnabled": true,
  "offline": false,
  "reducedMotion": "no-preference",
  "serviceWorkers": "allow",
  "viewport": {
    "height": 720,
    "width": 1280
  }
}</msg>
<msg time="2024-05-15T13:35:08.513980" level="INFO">Successfully created context. </msg>
<msg time="2024-05-15T13:35:08.513980" level="INFO">{'acceptDownloads': True, 'bypassCSP': True, 'forcedColors': 'none', 'ignoreHTTPSErrors': False, 'javaScriptEnabled': True, 'offline': False, 'reducedMotion': 'no-preference', 'serviceWorkers': 'allow', 'viewport': {'height': 720, 'width': 1280}}</msg>
<msg time="2024-05-15T13:35:10.052217" level="INFO">Successfully initialized new page object and opened url: http://localhost:4200/</msg>
<arg>${URL}</arg>
<arg>headless=False</arg>
<tag>BrowserControl</tag>
<tag>Setter</tag>
<doc>Opens a new browser instance. Use this keyword for quick experiments or debugging sessions.</doc>
<status status="PASS" start="2024-05-15T13:35:08.322839" elapsed="1.729378"/>
</kw>
<kw name="Sleep" owner="BuiltIn">
<msg time="2024-05-15T13:35:15.052562" level="INFO">Slept 5 seconds.</msg>
<arg>5s</arg>
<doc>Pauses the test executed for the given time.</doc>
<status status="PASS" start="2024-05-15T13:35:10.052217" elapsed="5.000345"/>
</kw>
<kw name="Click" owner="Browser">
<msg time="2024-05-15T13:35:15.052562" level="INFO">Clicks the element 'id=addNewFundButton'.</msg>
<arg>id=addNewFundButton</arg>
<tag>PageContent</tag>
<tag>Setter</tag>
<doc>Simulates mouse click on the element found by ``selector``.</doc>
<status status="PASS" start="2024-05-15T13:35:15.052562" elapsed="0.132765"/>
</kw>
<kw name="Input Text">
<msg time="2024-05-15T13:35:15.186327" level="FAIL">No keyword with name 'Input Text' found.</msg>
<arg>id=fundCodeField</arg>
<arg>F13</arg>
<status status="FAIL" start="2024-05-15T13:35:15.186327" elapsed="0.001454">No keyword with name 'Input Text' found.</status>
</kw>
<kw name="Input Text">
<arg>id=fundNameField</arg>
<arg>ASDFG</arg>
<status status="NOT RUN" start="2024-05-15T13:35:15.188783" elapsed="0.000000"/>
</kw>
<kw name="Select From List by Value">
<arg>id=fundTypeField</arg>
<arg>GOLD</arg>
<status status="NOT RUN" start="2024-05-15T13:35:15.189784" elapsed="0.000000"/>
</kw>
<kw name="Select From List by Value">
<arg>id=riskLevelField</arg>
<arg>2</arg>
<status status="NOT RUN" start="2024-05-15T13:35:15.190784" elapsed="0.000000"/>
</kw>
<kw name="Select From List by Value">
<arg>id=transactionTypeField</arg>
<arg>Subscription</arg>
<status status="NOT RUN" start="2024-05-15T13:35:15.191786" elapsed="0.000000"/>
</kw>
<kw name="Input Text">
<arg>id=navField</arg>
<arg>2</arg>
<status status="NOT RUN" start="2024-05-15T13:35:15.192787" elapsed="0.000000"/>
</kw>
<kw name="Input Text">
<arg>id=unitField</arg>
<arg>3</arg>
<status status="NOT RUN" start="2024-05-15T13:35:15.194789" elapsed="0.000000"/>
</kw>
<kw name="Click Element">
<arg>id=submitButton</arg>
<status status="NOT RUN" start="2024-05-15T13:35:15.194789" elapsed="0.000000"/>
</kw>
<kw name="Sleep" owner="BuiltIn">
<arg>5s</arg>
<doc>Pauses the test executed for the given time.</doc>
<status status="NOT RUN" start="2024-05-15T13:35:15.194789" elapsed="0.000000"/>
</kw>
<kw name="Close Browser" owner="Browser">
<tag>BrowserControl</tag>
<tag>Setter</tag>
<doc>Closes the current browser.</doc>
<status status="NOT RUN" start="2024-05-15T13:35:15.196291" elapsed="0.000000"/>
</kw>
<status status="FAIL" start="2024-05-15T13:35:08.320491" elapsed="6.875800">No keyword with name 'Input Text' found.</status>
</test>
<status status="FAIL" start="2024-05-15T13:35:07.474443" elapsed="7.772930"/>
</suite>
<statistics>
<total>
<stat pass="0" fail="1" skip="0">All Tests</stat>
</total>
<tag>
</tag>
<suite>
<stat pass="0" fail="1" skip="0" id="s1" name="Add Data">Add Data</stat>
</suite>
</statistics>
<errors>
<msg time="2024-05-15T13:35:08.323844" level="WARN">Open Browser is for quick experimentation and debugging only. Use New Page for production.</msg>
</errors>
</robot>
