<?xml version="1.0" encoding="UTF-8"?>
<robot generator="Robot 7.0 (Python 3.12.3 on win32)" generated="2024-05-20T15:29:59.787663" rpa="false" schemaversion="5">
<suite id="s1" name="Test Add" source="C:\Users\Prarinporn.choo\robot\test\test_add.robot">
<test id="s1-t1" name="Add New Fund Test" line="8">
<kw name="Open Browser" owner="Browser">
<msg time="2024-05-20T15:30:00.518440" level="WARN">Open Browser is for quick experimentation and debugging only. Use New Page for production.</msg>
<msg time="2024-05-20T15:30:00.518440" level="INFO">{"browser": "chromium", "headless": false, "chromiumSandbox": false, "devtools": false, "handleSIGHUP": true, "handleSIGINT": true, "handleSIGTERM": true, "slowMo": 0.0, "timeout": 30000.0, "tracesDir": "C:\\Users\\Prarinporn.choo\\robot\\test\\browser\\traces\\c7f7f095-5cf8-4e9b-8e68-c51b23295a28"}</msg>
<msg time="2024-05-20T15:30:00.718706" level="INFO">Successfully created browser with options: {"browser":"chromium","headless":false,"chromiumSandbox":false,"devtools":false,"handleSIGHUP":true,"handleSIGINT":true,"handleSIGTERM":true,"slowMo":0,"timeout":30000,"tracesDir":"C:\\Users\\Prarinporn.choo\\robot\\test\\browser\\traces\\c7f7f095-5cf8-4e9b-8e68-c51b23295a28"}</msg>
<msg time="2024-05-20T15:30:00.719706" level="INFO">{
  "acceptDownloads": true,
  "bypassCSP": true,
  "forcedColors": "none",
  "ignoreHTTPSErrors": false,
  "javaScriptEnabled": true,
  "offline": false,
  "reducedMotion": "no-preference",
  "serviceWorkers": "allow",
  "viewport": {
    "height": 720,
    "width": 1280
  }
}</msg>
<msg time="2024-05-20T15:30:00.734766" level="INFO">Successfully created context. </msg>
<msg time="2024-05-20T15:30:00.734766" level="INFO">{'acceptDownloads': True, 'bypassCSP': True, 'forcedColors': 'none', 'ignoreHTTPSErrors': False, 'javaScriptEnabled': True, 'offline': False, 'reducedMotion': 'no-preference', 'serviceWorkers': 'allow', 'viewport': {'height': 720, 'width': 1280}}</msg>
<msg time="2024-05-20T15:30:02.399043" level="INFO">Successfully initialized new page object and opened url: http://localhost:4200/add</msg>
<arg>${URL}add</arg>
<arg>headless=False</arg>
<tag>BrowserControl</tag>
<tag>Setter</tag>
<doc>Opens a new browser instance. Use this keyword for quick experiments or debugging sessions.</doc>
<status status="PASS" start="2024-05-20T15:30:00.517436" elapsed="1.881607"/>
</kw>
<kw name="Sleep" owner="BuiltIn">
<msg time="2024-05-20T15:30:05.400063" level="INFO">Slept 3 seconds.</msg>
<arg>3s</arg>
<doc>Pauses the test executed for the given time.</doc>
<status status="PASS" start="2024-05-20T15:30:02.400045" elapsed="3.000018"/>
</kw>
<kw name="Fill Text" owner="Browser">
<msg time="2024-05-20T15:30:05.400063" level="INFO">Fills the text 'F30' in the given field.</msg>
<arg>xpath=//*[@myid="app.fundAdd.textbox.fundCode"]</arg>
<arg>F30</arg>
<tag>PageContent</tag>
<tag>Setter</tag>
<doc>Clears and fills the given ``txt`` into the text field found by ``selector``.</doc>
<status status="PASS" start="2024-05-20T15:30:05.400063" elapsed="0.034024"/>
</kw>
<kw name="Sleep" owner="BuiltIn">
<msg time="2024-05-20T15:30:07.434115" level="INFO">Slept 2 seconds.</msg>
<arg>2s</arg>
<doc>Pauses the test executed for the given time.</doc>
<status status="PASS" start="2024-05-20T15:30:05.434087" elapsed="2.000028"/>
</kw>
<kw name="Fill Text" owner="Browser">
<msg time="2024-05-20T15:30:07.434115" level="INFO">Fills the text 'ASDFG' in the given field.</msg>
<arg>xpath=//*[@myid="app.fundAdd.textbox.fundName"]</arg>
<arg>ASDFG</arg>
<tag>PageContent</tag>
<tag>Setter</tag>
<doc>Clears and fills the given ``txt`` into the text field found by ``selector``.</doc>
<status status="PASS" start="2024-05-20T15:30:07.434115" elapsed="0.015551"/>
</kw>
<kw name="Sleep" owner="BuiltIn">
<msg time="2024-05-20T15:30:09.449691" level="INFO">Slept 2 seconds.</msg>
<arg>2s</arg>
<doc>Pauses the test executed for the given time.</doc>
<status status="PASS" start="2024-05-20T15:30:07.449666" elapsed="2.000025"/>
</kw>
<kw name="Click" owner="Browser">
<msg time="2024-05-20T15:30:09.449691" level="INFO">Clicks the element 'xpath=//*[@myid="app.fundAdd.SelectBox.fundType"]'.</msg>
<arg>xpath=//*[@myid="app.fundAdd.SelectBox.fundType"]</arg>
<tag>PageContent</tag>
<tag>Setter</tag>
<doc>Simulates mouse click on the element found by ``selector``.</doc>
<status status="PASS" start="2024-05-20T15:30:09.449691" elapsed="0.075618"/>
</kw>
<kw name="Sleep" owner="BuiltIn">
<msg time="2024-05-20T15:30:11.526337" level="INFO">Slept 2 seconds.</msg>
<arg>2s</arg>
<doc>Pauses the test executed for the given time.</doc>
<status status="PASS" start="2024-05-20T15:30:09.526311" elapsed="2.000026"/>
</kw>
<kw name="Select Options By" owner="Browser">
<msg time="2024-05-20T15:30:11.526768" level="INFO">Selects the option(s) GOLD by attribute SelectAttribute.value from element xpath=//*[@myid="app.fundAdd.SelectBox.fundType"].</msg>
<msg time="2024-05-20T15:30:11.668076" level="INFO" html="true">&lt;/td&gt;&lt;/tr&gt;&lt;tr&gt;&lt;td colspan="3"&gt;&lt;a href="browser/screenshot/fail-screenshot-1.png" target="_blank"&gt;&lt;img src="browser/screenshot/fail-screenshot-1.png" width="800px"/&gt;&lt;/a&gt;</msg>
<msg time="2024-05-20T15:30:11.668076" level="INFO">See also file:///C:/Users/Prarinporn.choo/robot/test/playwright-log.txt for additional details.</msg>
<arg>xpath=//*[@myid="app.fundAdd.SelectBox.fundType"]</arg>
<arg>value</arg>
<arg>GOLD</arg>
<tag>PageContent</tag>
<tag>Setter</tag>
<doc>Selects options from select element found by ``selector``.</doc>
<status status="FAIL" start="2024-05-20T15:30:11.526768" elapsed="7.099949">Execution terminated by signal</status>
</kw>
<kw name="Sleep" owner="BuiltIn">
<arg>2s</arg>
<doc>Pauses the test executed for the given time.</doc>
<status status="NOT RUN" start="2024-05-20T15:30:18.627717" elapsed="0.000000"/>
</kw>
<kw name="Click" owner="Browser">
<tag>PageContent</tag>
<tag>Setter</tag>
<doc>Simulates mouse click on the element found by ``selector``.</doc>
<status status="NOT RUN" start="2024-05-20T15:30:18.627717" elapsed="0.000000"/>
</kw>
<kw name="Fill Text" owner="Browser">
<arg>xpath=//*[@myid="app.fundAdd.NumberBox.nav"]</arg>
<arg>2</arg>
<tag>PageContent</tag>
<tag>Setter</tag>
<doc>Clears and fills the given ``txt`` into the text field found by ``selector``.</doc>
<status status="NOT RUN" start="2024-05-20T15:30:18.627717" elapsed="0.000000"/>
</kw>
<kw name="Fill Text" owner="Browser">
<arg>xpath=//*[@myid="app.fundAdd.NumberBox.unit"]</arg>
<arg>4</arg>
<tag>PageContent</tag>
<tag>Setter</tag>
<doc>Clears and fills the given ``txt`` into the text field found by ``selector``.</doc>
<status status="NOT RUN" start="2024-05-20T15:30:18.627717" elapsed="0.000000"/>
</kw>
<kw name="Sleep" owner="BuiltIn">
<arg>4s</arg>
<doc>Pauses the test executed for the given time.</doc>
<status status="NOT RUN" start="2024-05-20T15:30:18.628717" elapsed="0.000000"/>
</kw>
<status status="FAIL" start="2024-05-20T15:30:00.515528" elapsed="18.113189">Execution terminated by signal</status>
</test>
<test id="s1-t2" name="click add new fund button" line="23">
<tag>robot:exit</tag>
<status status="FAIL" start="2024-05-20T15:30:18.658193" elapsed="0.003002">Test execution stopped due to a fatal error.</status>
</test>
<test id="s1-t3" name="Click back to dashboard" line="28">
<tag>robot:exit</tag>
<status status="FAIL" start="2024-05-20T15:30:18.668281" elapsed="0.003003">Test execution stopped due to a fatal error.</status>
</test>
<status status="FAIL" start="2024-05-20T15:29:59.788664" elapsed="18.887754"/>
</suite>
<statistics>
<total>
<stat pass="0" fail="3" skip="0">All Tests</stat>
</total>
<tag>
<stat pass="0" fail="1" skip="0" info="combined" combined="NOT robot:exit">NOT robot:exit</stat>
</tag>
<suite>
<stat pass="0" fail="3" skip="0" id="s1" name="Test Add">Test Add</stat>
</suite>
</statistics>
<errors>
<msg time="2024-05-20T15:30:00.518440" level="WARN">Open Browser is for quick experimentation and debugging only. Use New Page for production.</msg>
</errors>
</robot>
